<?xml version="1.0" encoding="UTF-8"?>
<!-- Generated by org.testng.reporters.JUnitXMLReporter -->
<testsuite hostname="LAPTOP-PPH753GQ" ignored="0" name="DocumentosCancelados" tests="3" failures="0" timestamp="21 jul 2021 19:03:01 GMT" time="77.849" errors="0">
  <testcase name="cancelarDocumentoHappyPath" time="35.444" classname="DocumentosCancelados.CancelarDocumentoHP"/>
  <testcase name="sinIngresarMotivoDeCancelacion" time="20.504" classname="DocumentosCancelados.CancelarDocumentoHP"/>
  <testcase name="ingresarMotivoDeCancelacionConCaracteresEspeciales" time="13.999" classname="DocumentosCancelados.CancelarDocumentoHP"/>
</testsuite> <!-- DocumentosCancelados -->
