<?xml version="1.0" encoding="UTF-8"?>
<!-- Generated by org.testng.reporters.JUnitXMLReporter -->
<testsuite hostname="LAPTOP-PPH753GQ" ignored="0" name="LoginPrecertifDesbloqueo" tests="7" failures="0" timestamp="21 jul 2021 19:01:43 GMT" time="60.777" errors="0">
  <testcase name="dejarCamposVacios" time="8.093" classname="LoginPrecertificacionBloqueo.precertificacionPerfil4"/>
  <testcase name="ingresarClavesNuevasDiferentes" time="7.148" classname="LoginPrecertificacionBloqueo.precertificacionPerfil4"/>
  <testcase name="ingresarClavesDeLlavePrivadaDiferentes" time="7.527" classname="LoginPrecertificacionBloqueo.precertificacionPerfil4"/>
  <testcase name="ingresarClaveNuevaSinParametros" time="9.489" classname="LoginPrecertificacionBloqueo.precertificacionPerfil4"/>
  <testcase name="ingresarClavePrivadaSinParametros" time="10.003" classname="LoginPrecertificacionBloqueo.precertificacionPerfil4"/>
  <testcase name="ingresarClaveActualIncorrecta" time="11.779" classname="LoginPrecertificacionBloqueo.precertificacionPerfil4"/>
  <testcase name="precertificacion4HP" time="2.108" classname="LoginPrecertificacionBloqueo.precertificacionPerfil4"/>
</testsuite> <!-- LoginPrecertifDesbloqueo -->
