<?xml version="1.0" encoding="UTF-8"?>
<!-- Generated by org.testng.reporters.JUnitXMLReporter -->
<testsuite ignored="0" hostname="LAPTOP-PPH753GQ" failures="0" tests="44" name="TestDocumentosPendientes" time="34.384" errors="0" timestamp="03 ago. 2021 15:29:04 GMT">
  <testcase classname="DocumentosPendientes.Firmar1Invitado5firmantes" name="@BeforeTest starWebDriver" time="0.0">
    <failure type="org.openqa.selenium.WebDriverException" message="chrome not reachable
  (Session info: chrome=92.0.4515.107)
Build info: version: &amp;apos;3.141.59&amp;apos;, revision: &amp;apos;e82be7d358&amp;apos;, time: &amp;apos;2018-11-14T08:17:03&amp;apos;
System info: host: &amp;apos;LAPTOP-PPH753GQ&amp;apos;, ip: &amp;apos;10.12.13.14&amp;apos;, os.name: &amp;apos;Windows 10&amp;apos;, os.arch: &amp;apos;amd64&amp;apos;, os.version: &amp;apos;10.0&amp;apos;, java.version: &amp;apos;15.0.1&amp;apos;
Driver info: org.openqa.selenium.chrome.ChromeDriver
Capabilities {acceptInsecureCerts: false, browserName: chrome, browserVersion: 92.0.4515.107, chrome: {chromedriverVersion: 91.0.4472.19 (1bf021f248676..., userDataDir: C:\Users\cuaht\AppData\Loca...}, goog:chromeOptions: {debuggerAddress: localhost:53025}, javascriptEnabled: true, networkConnectionEnabled: false, pageLoadStrategy: normal, platform: WINDOWS, platformName: WINDOWS, proxy: Proxy(), setWindowRect: true, strictFileInteractability: false, timeouts: {implicit: 0, pageLoad: 300000, script: 30000}, unhandledPromptBehavior: dismiss and notify, webauthn:extension:largeBlob: true, webauthn:virtualAuthenticators: true}
Session ID: aeda95b2505c17f004bf46b47e7dc1b9">
      <![CDATA[org.openqa.selenium.WebDriverException: chrome not reachable
  (Session info: chrome=92.0.4515.107)
Build info: version: '3.141.59', revision: 'e82be7d358', time: '2018-11-14T08:17:03'
System info: host: 'LAPTOP-PPH753GQ', ip: '10.12.13.14', os.name: 'Windows 10', os.arch: 'amd64', os.version: '10.0', java.version: '15.0.1'
Driver info: org.openqa.selenium.chrome.ChromeDriver
Capabilities {acceptInsecureCerts: false, browserName: chrome, browserVersion: 92.0.4515.107, chrome: {chromedriverVersion: 91.0.4472.19 (1bf021f248676..., userDataDir: C:\Users\cuaht\AppData\Loca...}, goog:chromeOptions: {debuggerAddress: localhost:53025}, javascriptEnabled: true, networkConnectionEnabled: false, pageLoadStrategy: normal, platform: WINDOWS, platformName: WINDOWS, proxy: Proxy(), setWindowRect: true, strictFileInteractability: false, timeouts: {implicit: 0, pageLoad: 300000, script: 30000}, unhandledPromptBehavior: dismiss and notify, webauthn:extension:largeBlob: true, webauthn:virtualAuthenticators: true}
Session ID: aeda95b2505c17f004bf46b47e7dc1b9
	at org.openqa.selenium.remote.http.W3CHttpResponseCodec.createException(W3CHttpResponseCodec.java:187)
	at org.openqa.selenium.remote.http.W3CHttpResponseCodec.decode(W3CHttpResponseCodec.java:122)
	at org.openqa.selenium.remote.http.W3CHttpResponseCodec.decode(W3CHttpResponseCodec.java:49)
	at org.openqa.selenium.remote.HttpCommandExecutor.execute(HttpCommandExecutor.java:158)
	at org.openqa.selenium.remote.service.DriverCommandExecutor.execute(DriverCommandExecutor.java:83)
	at org.openqa.selenium.remote.RemoteWebDriver.execute(RemoteWebDriver.java:552)
	at org.openqa.selenium.remote.RemoteWebDriver.get(RemoteWebDriver.java:277)
	at DocumentosPendientes.Firmar1Invitado5firmantes.starWebDriver(Firmar1Invitado5firmantes.java:19)
... Removed 28 stack frames]]>
    </failure>
  </testcase> <!-- @BeforeTest starWebDriver -->
  <testcase classname="DocumentosPendientes.Firmar6Firmantes" name="@BeforeTest starWebDriver" time="0.0">
    <skipped/>
  </testcase> <!-- @BeforeTest starWebDriver -->
  <testcase classname="DocumentosPendientes.FlujosDeFirma" name="@BeforeTest starWebDriver" time="0.0">
    <skipped/>
  </testcase> <!-- @BeforeTest starWebDriver -->
  <testcase classname="DocumentosPendientes.DocumentosconErrores" name="@AfterTest closeDriver" time="0.0">
    <skipped/>
  </testcase> <!-- @AfterTest closeDriver -->
  <testcase classname="DocumentosPendientes.FirmaPerfil13" name="@AfterTest closeDriver" time="0.0">
    <skipped/>
  </testcase> <!-- @AfterTest closeDriver -->
  <testcase classname="DocumentosPendientes.FirmaPerfil4" name="@AfterTest closeDriver" time="0.0">
    <skipped/>
  </testcase> <!-- @AfterTest closeDriver -->
  <testcase classname="DocumentosPendientes.FirmaPerfil8" name="@AfterTest closeDriver" time="0.0">
    <skipped/>
  </testcase> <!-- @AfterTest closeDriver -->
  <testcase classname="DocumentosPendientes.FirmaPerfil9" name="@AfterTest closeDriver" time="0.0">
    <skipped/>
  </testcase> <!-- @AfterTest closeDriver -->
  <testcase classname="DocumentosPendientes.Firmar1Invitado5firmantes" name="@AfterTest closeDriver" time="0.0">
    <skipped/>
  </testcase> <!-- @AfterTest closeDriver -->
  <testcase classname="DocumentosPendientes.Firmar6Firmantes" name="@AfterTest closeDriver" time="0.0">
    <skipped/>
  </testcase> <!-- @AfterTest closeDriver -->
  <testcase classname="DocumentosPendientes.FlujosDeFirma" name="@AfterTest closeDriver" time="0.0">
    <skipped/>
  </testcase> <!-- @AfterTest closeDriver -->
  <testcase classname="DocumentosPendientes.FirmaPerfil4" name="FirmaPerfil4HP" time="0.001">
    <skipped/>
  </testcase> <!-- FirmaPerfil4HP -->
  <testcase classname="DocumentosPendientes.FirmaPerfil13" name="FirmaPerfil13HP" time="0.003">
    <skipped/>
  </testcase> <!-- FirmaPerfil13HP -->
  <testcase classname="DocumentosPendientes.FirmaPerfil8" name="FirmaPerfil8HP" time="0.001">
    <skipped/>
  </testcase> <!-- FirmaPerfil8HP -->
  <testcase classname="DocumentosPendientes.FirmaPerfil8" name="ingresarEmailIncorrecto" time="0.006">
    <skipped/>
  </testcase> <!-- ingresarEmailIncorrecto -->
  <testcase classname="DocumentosPendientes.FirmaPerfil8" name="sinIngresarEmail" time="0.001">
    <skipped/>
  </testcase> <!-- sinIngresarEmail -->
  <testcase classname="DocumentosPendientes.Firmar1Invitado5firmantes" name="PrimerFirmanteFirma" time="0.001">
    <skipped/>
  </testcase> <!-- PrimerFirmanteFirma -->
  <testcase classname="DocumentosPendientes.Firmar6Firmantes" name="FirmarDoc" time="0.003">
    <skipped/>
  </testcase> <!-- FirmarDoc -->
  <testcase classname="DocumentosPendientes.FlujosDeFirma" name="dosFirmantes" time="0.008">
    <skipped/>
  </testcase> <!-- dosFirmantes -->
  <testcase classname="DocumentosPendientes.FirmaPerfil9" name="FirmaPerfil9HP" time="0.0">
    <skipped/>
  </testcase> <!-- FirmaPerfil9HP -->
  <testcase classname="DocumentosPendientes.FirmaPerfil4" name="ingresarClaveIncorrecta" time="0.003">
    <skipped/>
  </testcase> <!-- ingresarClaveIncorrecta -->
  <testcase classname="DocumentosPendientes.FlujosDeFirma" name="dosFirmantesyObservador" time="0.002">
    <skipped/>
  </testcase> <!-- dosFirmantesyObservador -->
  <testcase classname="DocumentosPendientes.FirmaPerfil13" name="ingresarClaveIncorrecta" time="0.001">
    <skipped/>
  </testcase> <!-- ingresarClaveIncorrecta -->
  <testcase classname="DocumentosPendientes.Firmar1Invitado5firmantes" name="firmaInvitadoh14" time="0.005">
    <skipped/>
  </testcase> <!-- firmaInvitadoh14 -->
  <testcase classname="DocumentosPendientes.DocumentosconErrores" name="FirmarDocumento1" time="0.002">
    <skipped/>
  </testcase> <!-- FirmarDocumento1 -->
  <testcase classname="DocumentosPendientes.FirmaPerfil9" name="ingresarClaveIncorrecta" time="0.003">
    <skipped/>
  </testcase> <!-- ingresarClaveIncorrecta -->
  <testcase classname="DocumentosPendientes.FirmaPerfil4" name="sinIngresarClave" time="0.006">
    <skipped/>
  </testcase> <!-- sinIngresarClave -->
  <testcase classname="DocumentosPendientes.FlujosDeFirma" name="firmaTodosPerfiles" time="0.002">
    <skipped/>
  </testcase> <!-- firmaTodosPerfiles -->
  <testcase classname="DocumentosPendientes.FirmaPerfil13" name="sinIngresarClave" time="0.002">
    <skipped/>
  </testcase> <!-- sinIngresarClave -->
  <testcase classname="DocumentosPendientes.DocumentosconErrores" name="FirmarDocumento2" time="0.002">
    <skipped/>
  </testcase> <!-- FirmarDocumento2 -->
  <testcase classname="DocumentosPendientes.FirmaPerfil9" name="sinIngresarClave" time="0.0">
    <skipped/>
  </testcase> <!-- sinIngresarClave -->
  <testcase classname="DocumentosPendientes.FirmaPerfil4" name="sinIngresarEmail" time="0.003">
    <skipped/>
  </testcase> <!-- sinIngresarEmail -->
  <testcase classname="DocumentosPendientes.FlujosDeFirma" name="flujoConcurrente" time="0.001">
    <skipped/>
  </testcase> <!-- flujoConcurrente -->
  <testcase classname="DocumentosPendientes.FirmaPerfil13" name="sinIngresarEmail" time="0.001">
    <skipped/>
  </testcase> <!-- sinIngresarEmail -->
  <testcase classname="DocumentosPendientes.DocumentosconErrores" name="FirmarDocumento3" time="0.002">
    <skipped/>
  </testcase> <!-- FirmarDocumento3 -->
  <testcase classname="DocumentosPendientes.FirmaPerfil9" name="IngresarArchivosDiferentes" time="0.001">
    <skipped/>
  </testcase> <!-- IngresarArchivosDiferentes -->
  <testcase classname="DocumentosPendientes.FirmaPerfil4" name="ingresarEmailInvalido" time="0.0">
    <skipped/>
  </testcase> <!-- ingresarEmailInvalido -->
  <testcase classname="DocumentosPendientes.FlujosDeFirma" name="RLalInicio" time="0.001">
    <skipped/>
  </testcase> <!-- RLalInicio -->
  <testcase classname="DocumentosPendientes.FirmaPerfil13" name="ingresarEmailInvalido" time="0.001">
    <skipped/>
  </testcase> <!-- ingresarEmailInvalido -->
  <testcase classname="DocumentosPendientes.FirmaPerfil8" name="ingresarEmailInvalido" time="0.001">
    <skipped/>
  </testcase> <!-- ingresarEmailInvalido -->
  <testcase classname="DocumentosPendientes.DocumentosconErrores" name="FirmarDocumento4" time="0.001">
    <skipped/>
  </testcase> <!-- FirmarDocumento4 -->
  <testcase classname="DocumentosPendientes.FirmaPerfil9" name="sinIngresarEmail" time="0.001">
    <skipped/>
  </testcase> <!-- sinIngresarEmail -->
  <testcase classname="DocumentosPendientes.FirmaPerfil4" name="firmarConEmailHP" time="0.001">
    <skipped/>
  </testcase> <!-- firmarConEmailHP -->
  <testcase classname="DocumentosPendientes.FlujosDeFirma" name="RLalFinal" time="0.002">
    <skipped/>
  </testcase> <!-- RLalFinal -->
  <testcase classname="DocumentosPendientes.FirmaPerfil13" name="firmarConEmailHP" time="0.001">
    <skipped/>
  </testcase> <!-- firmarConEmailHP -->
  <testcase classname="DocumentosPendientes.DocumentosconErrores" name="FirmarDocumento5" time="0.001">
    <skipped/>
  </testcase> <!-- FirmarDocumento5 -->
  <testcase classname="DocumentosPendientes.FirmaPerfil8" name="firmarConEmailHP" time="0.001">
    <skipped/>
  </testcase> <!-- firmarConEmailHP -->
  <testcase classname="DocumentosPendientes.FirmaPerfil9" name="firmarConEmailHP" time="0.002">
    <skipped/>
  </testcase> <!-- firmarConEmailHP -->
  <testcase classname="DocumentosPendientes.FirmaPerfil9" name="ingresarEmailInvalido" time="0.0">
    <skipped/>
  </testcase> <!-- ingresarEmailInvalido -->
  <testcase classname="DocumentosPendientes.FlujosDeFirma" name="Ruta_SinRL" time="0.001">
    <skipped/>
  </testcase> <!-- Ruta_SinRL -->
  <testcase classname="DocumentosPendientes.DocumentosconErrores" name="FirmarDocumento6" time="0.002">
    <skipped/>
  </testcase> <!-- FirmarDocumento6 -->
  <testcase classname="DocumentosPendientes.DocumentosconErrores" name="FirmarDocumento7" time="0.001">
    <skipped/>
  </testcase> <!-- FirmarDocumento7 -->
  <testcase classname="DocumentosPendientes.DocumentosconErrores" name="FirmarDocumento8" time="0.005">
    <skipped/>
  </testcase> <!-- FirmarDocumento8 -->
  <testcase classname="DocumentosPendientes.DocumentosconErrores" name="FirmarDocumento9" time="0.0">
    <skipped/>
  </testcase> <!-- FirmarDocumento9 -->
  <testcase classname="DocumentosPendientes.DocumentosconErrores" name="FirmarDocumento10" time="0.001">
    <skipped/>
  </testcase> <!-- FirmarDocumento10 -->
</testsuite> <!-- TestDocumentosPendientes -->
