<?xml version="1.0" encoding="UTF-8"?>
<!-- Generated by org.testng.reporters.JUnitXMLReporter -->
<testsuite ignored="0" hostname="LAPTOP-PPH753GQ" failures="1" tests="7" name="InicioDeSesion" time="68.112" errors="0" timestamp="09 jul. 2021 01:28:54 GMT">
  <testcase classname="com.reportes.portalfirma.InicioDeSesion" name="IniciarSesionHP" time="8.269"/>
  <testcase classname="com.reportes.portalfirma.InicioDeSesion" name="sinIngresarUsuario" time="5.308"/>
  <testcase classname="com.reportes.portalfirma.InicioDeSesion" name="IngresarUsuarioIncorrecto" time="3.803"/>
  <testcase classname="com.reportes.portalfirma.InicioDeSesion" name="IngresarUsuarioRevocado" time="3.846"/>
  <testcase classname="com.reportes.portalfirma.InicioDeSesion" name="IngresarUsuarioBloqueado" time="15.103"/>
  <testcase classname="com.reportes.portalfirma.InicioDeSesion" name="ingresarClaveIncorrecta" time="4.811"/>
  <testcase classname="com.reportes.portalfirma.InicioDeSesion" name="sinIngresarClave" time="10.062">
    <failure type="org.openqa.selenium.ElementNotInteractableException" message="element not interactable
  (Session info: chrome=91.0.4472.124)
Build info: version: &amp;apos;3.141.59&amp;apos;, revision: &amp;apos;e82be7d358&amp;apos;, time: &amp;apos;2018-11-14T08:17:03&amp;apos;
System info: host: &amp;apos;LAPTOP-PPH753GQ&amp;apos;, ip: &amp;apos;10.12.13.14&amp;apos;, os.name: &amp;apos;Windows 10&amp;apos;, os.arch: &amp;apos;amd64&amp;apos;, os.version: &amp;apos;10.0&amp;apos;, java.version: &amp;apos;15.0.1&amp;apos;
Driver info: org.openqa.selenium.chrome.ChromeDriver
Capabilities {acceptInsecureCerts: false, browserName: chrome, browserVersion: 91.0.4472.124, chrome: {chromedriverVersion: 91.0.4472.19 (1bf021f248676..., userDataDir: C:\Users\cuaht\AppData\Loca...}, goog:chromeOptions: {debuggerAddress: localhost:58443}, javascriptEnabled: true, networkConnectionEnabled: false, pageLoadStrategy: normal, platform: WINDOWS, platformName: WINDOWS, proxy: Proxy(), setWindowRect: true, strictFileInteractability: false, timeouts: {implicit: 0, pageLoad: 300000, script: 30000}, unhandledPromptBehavior: dismiss and notify, webauthn:extension:largeBlob: true, webauthn:virtualAuthenticators: true}
Session ID: 3bb3b14d6a6718920cc9040caa1c6e06">
      <![CDATA[org.openqa.selenium.ElementNotInteractableException: element not interactable
  (Session info: chrome=91.0.4472.124)
Build info: version: '3.141.59', revision: 'e82be7d358', time: '2018-11-14T08:17:03'
System info: host: 'LAPTOP-PPH753GQ', ip: '10.12.13.14', os.name: 'Windows 10', os.arch: 'amd64', os.version: '10.0', java.version: '15.0.1'
Driver info: org.openqa.selenium.chrome.ChromeDriver
Capabilities {acceptInsecureCerts: false, browserName: chrome, browserVersion: 91.0.4472.124, chrome: {chromedriverVersion: 91.0.4472.19 (1bf021f248676..., userDataDir: C:\Users\cuaht\AppData\Loca...}, goog:chromeOptions: {debuggerAddress: localhost:58443}, javascriptEnabled: true, networkConnectionEnabled: false, pageLoadStrategy: normal, platform: WINDOWS, platformName: WINDOWS, proxy: Proxy(), setWindowRect: true, strictFileInteractability: false, timeouts: {implicit: 0, pageLoad: 300000, script: 30000}, unhandledPromptBehavior: dismiss and notify, webauthn:extension:largeBlob: true, webauthn:virtualAuthenticators: true}
Session ID: 3bb3b14d6a6718920cc9040caa1c6e06
	at org.openqa.selenium.remote.http.W3CHttpResponseCodec.createException(W3CHttpResponseCodec.java:187)
	at org.openqa.selenium.remote.http.W3CHttpResponseCodec.decode(W3CHttpResponseCodec.java:122)
	at org.openqa.selenium.remote.http.W3CHttpResponseCodec.decode(W3CHttpResponseCodec.java:49)
	at org.openqa.selenium.remote.HttpCommandExecutor.execute(HttpCommandExecutor.java:158)
	at org.openqa.selenium.remote.service.DriverCommandExecutor.execute(DriverCommandExecutor.java:83)
	at org.openqa.selenium.remote.RemoteWebDriver.execute(RemoteWebDriver.java:552)
	at org.openqa.selenium.remote.RemoteWebElement.execute(RemoteWebElement.java:285)
	at org.openqa.selenium.remote.RemoteWebElement.click(RemoteWebElement.java:84)
	at com.reportes.portalfirma.InicioDeSesion.sinIngresarClave(InicioDeSesion.java:98)
... Removed 30 stack frames]]>
    </failure>
  </testcase> <!-- sinIngresarClave -->
</testsuite> <!-- InicioDeSesion -->
